<?xml version="1.0" encoding="UTF-8"?>
<!-- Generated by org.testng.reporters.JUnitXMLReporter -->
<testsuite ignored="2" hostname="notebook37" failures="0" tests="1" name="BankingApp test" time="8.614" errors="0" timestamp="01 Apr 2022 06:30:24 GMT">
  <testcase classname="com.inetbanking.testCases.TC_Login_001" name="Login" time="8.599"/>
  <testcase classname="com.inetbanking.testCases.BaseClass" name="@AfterSuite teardown" time="0.0">
    <ignored/>
  </testcase> <!-- @AfterSuite teardown -->
  <testcase classname="com.inetbanking.testCases.BaseClass" name="@BeforeSuite setup" time="0.0">
    <ignored/>
  </testcase> <!-- @BeforeSuite setup -->
</testsuite> <!-- BankingApp test -->
